<?xml version="1.0" encoding="UTF-8"?>
<testng-results ignored="0" total="2" passed="1" failed="1" skipped="0">
  <reporter-output>
    <line>
      <![CDATA[taking value from property https://neostox.com/]]>
    </line>
    <line>
      <![CDATA[launching browser]]>
    </line>
    <line>
      <![CDATA[waiting for 2000 millis]]>
    </line>
    <line>
      <![CDATA[taking value from property 7350692839]]>
    </line>
    <line>
      <![CDATA[waiting for 1000 millis]]>
    </line>
    <line>
      <![CDATA[sending moNum 7350692839]]>
    </line>
    <line>
      <![CDATA[waiting for 1000 millis]]>
    </line>
    <line>
      <![CDATA[clicking on sign-in Button]]>
    </line>
    <line>
      <![CDATA[taking value from property 1197]]>
    </line>
    <line>
      <![CDATA[waiting for 1000 millis]]>
    </line>
    <line>
      <![CDATA[sending password 1197]]>
    </line>
    <line>
      <![CDATA[clicking on submit button]]>
    </line>
    <line>
      <![CDATA[waiting for 1000 millis]]>
    </line>
    <line>
      <![CDATA[Handling popup]]>
    </line>
    <line>
      <![CDATA[waiting for 1000 millis]]>
    </line>
    <line>
      <![CDATA[waiting for 1000 millis]]>
    </line>
    <line>
      <![CDATA[funds are Rs.5,00,000.00]]>
    </line>
    <line>
      <![CDATA[tc is passed]]>
    </line>
    <line>
      <![CDATA[waiting for 1000 millis]]>
    </line>
    <line>
      <![CDATA[waiting for 2000 millis]]>
    </line>
    <line>
      <![CDATA[taking value from property 7350692839]]>
    </line>
    <line>
      <![CDATA[waiting for 1000 millis]]>
    </line>
    <line>
      <![CDATA[sending moNum 7350692839]]>
    </line>
    <line>
      <![CDATA[waiting for 1000 millis]]>
    </line>
    <line>
      <![CDATA[clicking on sign-in Button]]>
    </line>
    <line>
      <![CDATA[taking value from property 1197]]>
    </line>
    <line>
      <![CDATA[waiting for 1000 millis]]>
    </line>
    <line>
      <![CDATA[sending password 1197]]>
    </line>
    <line>
      <![CDATA[clicking on submit button]]>
    </line>
    <line>
      <![CDATA[waiting for 1000 millis]]>
    </line>
    <line>
      <![CDATA[no popup present]]>
    </line>
    <line>
      <![CDATA[waiting for 1000 millis]]>
    </line>
    <line>
      <![CDATA[actual username is Hi Rushikesh Pagar]]>
    </line>
    <line>
      <![CDATA[taking value from property Hi Rushikesh Pagar1]]>
    </line>
    <line>
      <![CDATA[testcase validateUserNameis failed]]>
    </line>
    <line>
      <![CDATA[taking screenshot]]>
    </line>
    <line>
      <![CDATA[waiting for 1000 millis]]>
    </line>
    <line>
      <![CDATA[closing browser]]>
    </line>
  </reporter-output>
  <suite started-at="2022-12-06T14:33:30 IST" name="Default suite" finished-at="2022-12-06T14:34:13 IST" duration-ms="42461">
    <groups>
    </groups>
    <test started-at="2022-12-06T14:33:30 IST" name="Default test" finished-at="2022-12-06T14:34:13 IST" duration-ms="42461">
      <class name="neOStoxTest.ValidateUserNameAndFundsusingProperty">
        <test-method is-config="true" signature="launch()[pri:0, instance:neOStoxTest.ValidateUserNameAndFundsusingProperty@437da279]" started-at="2022-12-06T14:33:30 IST" name="launch" finished-at="2022-12-06T14:33:42 IST" duration-ms="11739" status="PASS">
          <reporter-output>
            <line>
              <![CDATA[taking value from property https://neostox.com/]]>
            </line>
            <line>
              <![CDATA[launching browser]]>
            </line>
          </reporter-output>
        </test-method> <!-- launch -->
        <test-method is-config="true" signature="loginToNeoStox()[pri:0, instance:neOStoxTest.ValidateUserNameAndFundsusingProperty@437da279]" started-at="2022-12-06T14:33:42 IST" name="loginToNeoStox" finished-at="2022-12-06T14:33:56 IST" duration-ms="13575" status="PASS">
          <reporter-output>
            <line>
              <![CDATA[waiting for 2000 millis]]>
            </line>
            <line>
              <![CDATA[taking value from property 7350692839]]>
            </line>
            <line>
              <![CDATA[waiting for 1000 millis]]>
            </line>
            <line>
              <![CDATA[sending moNum 7350692839]]>
            </line>
            <line>
              <![CDATA[waiting for 1000 millis]]>
            </line>
            <line>
              <![CDATA[clicking on sign-in Button]]>
            </line>
            <line>
              <![CDATA[taking value from property 1197]]>
            </line>
            <line>
              <![CDATA[waiting for 1000 millis]]>
            </line>
            <line>
              <![CDATA[sending password 1197]]>
            </line>
            <line>
              <![CDATA[clicking on submit button]]>
            </line>
            <line>
              <![CDATA[waiting for 1000 millis]]>
            </line>
            <line>
              <![CDATA[Handling popup]]>
            </line>
          </reporter-output>
        </test-method> <!-- loginToNeoStox -->
        <test-method signature="getFunds()[pri:0, instance:neOStoxTest.ValidateUserNameAndFundsusingProperty@437da279]" started-at="2022-12-06T14:33:56 IST" name="getFunds" finished-at="2022-12-06T14:33:57 IST" duration-ms="1336" status="PASS">
          <reporter-output>
            <line>
              <![CDATA[waiting for 1000 millis]]>
            </line>
            <line>
              <![CDATA[waiting for 1000 millis]]>
            </line>
            <line>
              <![CDATA[funds are Rs.5,00,000.00]]>
            </line>
            <line>
              <![CDATA[tc is passed]]>
            </line>
          </reporter-output>
        </test-method> <!-- getFunds -->
        <test-method is-config="true" signature="logoutFromApplication()[pri:0, instance:neOStoxTest.ValidateUserNameAndFundsusingProperty@437da279]" started-at="2022-12-06T14:33:57 IST" name="logoutFromApplication" finished-at="2022-12-06T14:33:58 IST" duration-ms="1382" status="PASS">
          <reporter-output>
            <line>
              <![CDATA[waiting for 1000 millis]]>
            </line>
          </reporter-output>
        </test-method> <!-- logoutFromApplication -->
        <test-method is-config="true" signature="loginToNeoStox()[pri:0, instance:neOStoxTest.ValidateUserNameAndFundsusingProperty@437da279]" started-at="2022-12-06T14:33:58 IST" name="loginToNeoStox" finished-at="2022-12-06T14:34:08 IST" duration-ms="10016" status="PASS">
          <reporter-output>
            <line>
              <![CDATA[waiting for 2000 millis]]>
            </line>
            <line>
              <![CDATA[taking value from property 7350692839]]>
            </line>
            <line>
              <![CDATA[waiting for 1000 millis]]>
            </line>
            <line>
              <![CDATA[sending moNum 7350692839]]>
            </line>
            <line>
              <![CDATA[waiting for 1000 millis]]>
            </line>
            <line>
              <![CDATA[clicking on sign-in Button]]>
            </line>
            <line>
              <![CDATA[taking value from property 1197]]>
            </line>
            <line>
              <![CDATA[waiting for 1000 millis]]>
            </line>
            <line>
              <![CDATA[sending password 1197]]>
            </line>
            <line>
              <![CDATA[clicking on submit button]]>
            </line>
            <line>
              <![CDATA[waiting for 1000 millis]]>
            </line>
            <line>
              <![CDATA[no popup present]]>
            </line>
          </reporter-output>
        </test-method> <!-- loginToNeoStox -->
        <test-method signature="validateUserName()[pri:0, instance:neOStoxTest.ValidateUserNameAndFundsusingProperty@437da279]" started-at="2022-12-06T14:34:08 IST" name="validateUserName" finished-at="2022-12-06T14:34:10 IST" duration-ms="1186" status="FAIL">
          <exception class="java.lang.AssertionError">
            <message>
              <![CDATA[TC failed actual not equal expected expected [Hi Rushikesh Pagar1] but found [Hi Rushikesh Pagar]]]>
            </message>
            <full-stacktrace>
              <![CDATA[java.lang.AssertionError: TC failed actual not equal expected expected [Hi Rushikesh Pagar1] but found [Hi Rushikesh Pagar]
at org.testng.Assert.fail(Assert.java:99)
at org.testng.Assert.failNotEquals(Assert.java:1037)
at org.testng.Assert.assertEqualsImpl(Assert.java:140)
at org.testng.Assert.assertEquals(Assert.java:122)
at org.testng.Assert.assertEquals(Assert.java:629)
at neOStoxTest.ValidateUserNameAndFundsusingProperty.validateUserName(ValidateUserNameAndFundsusingProperty.java:69)
at java.base/jdk.internal.reflect.NativeMethodAccessorImpl.invoke0(Native Method)
at java.base/jdk.internal.reflect.NativeMethodAccessorImpl.invoke(NativeMethodAccessorImpl.java:62)
at java.base/jdk.internal.reflect.DelegatingMethodAccessorImpl.invoke(DelegatingMethodAccessorImpl.java:43)
at java.base/java.lang.reflect.Method.invoke(Method.java:566)
at org.testng.internal.MethodInvocationHelper.invokeMethod(MethodInvocationHelper.java:133)
at org.testng.internal.TestInvoker.invokeMethod(TestInvoker.java:598)
at org.testng.internal.TestInvoker.invokeTestMethod(TestInvoker.java:173)
at org.testng.internal.MethodRunner.runInSequence(MethodRunner.java:46)
at org.testng.internal.TestInvoker$MethodInvocationAgent.invoke(TestInvoker.java:824)
at org.testng.internal.TestInvoker.invokeTestMethods(TestInvoker.java:146)
at org.testng.internal.TestMethodWorker.invokeTestMethods(TestMethodWorker.java:146)
at org.testng.internal.TestMethodWorker.run(TestMethodWorker.java:128)
at java.base/java.util.ArrayList.forEach(ArrayList.java:1541)
at org.testng.TestRunner.privateRun(TestRunner.java:794)
at org.testng.TestRunner.run(TestRunner.java:596)
at org.testng.SuiteRunner.runTest(SuiteRunner.java:377)
at org.testng.SuiteRunner.runSequentially(SuiteRunner.java:371)
at org.testng.SuiteRunner.privateRun(SuiteRunner.java:332)
at org.testng.SuiteRunner.run(SuiteRunner.java:276)
at org.testng.SuiteRunnerWorker.runSuite(SuiteRunnerWorker.java:53)
at org.testng.SuiteRunnerWorker.run(SuiteRunnerWorker.java:96)
at org.testng.TestNG.runSuitesSequentially(TestNG.java:1212)
at org.testng.TestNG.runSuitesLocally(TestNG.java:1134)
at org.testng.TestNG.runSuites(TestNG.java:1063)
at org.testng.TestNG.run(TestNG.java:1031)
at org.testng.remote.AbstractRemoteTestNG.run(AbstractRemoteTestNG.java:115)
at org.testng.remote.RemoteTestNG.initAndRun(RemoteTestNG.java:251)
at org.testng.remote.RemoteTestNG.main(RemoteTestNG.java:77)
]]>
            </full-stacktrace>
          </exception> <!-- java.lang.AssertionError -->
          <reporter-output>
            <line>
              <![CDATA[waiting for 1000 millis]]>
            </line>
            <line>
              <![CDATA[actual username is Hi Rushikesh Pagar]]>
            </line>
            <line>
              <![CDATA[taking value from property Hi Rushikesh Pagar1]]>
            </line>
            <line>
              <![CDATA[testcase validateUserNameis failed]]>
            </line>
            <line>
              <![CDATA[taking screenshot]]>
            </line>
          </reporter-output>
        </test-method> <!-- validateUserName -->
        <test-method is-config="true" signature="logoutFromApplication()[pri:0, instance:neOStoxTest.ValidateUserNameAndFundsusingProperty@437da279]" started-at="2022-12-06T14:34:10 IST" name="logoutFromApplication" finished-at="2022-12-06T14:34:11 IST" duration-ms="1312" status="PASS">
          <reporter-output>
            <line>
              <![CDATA[waiting for 1000 millis]]>
            </line>
          </reporter-output>
        </test-method> <!-- logoutFromApplication -->
        <test-method is-config="true" signature="closingBrowser()[pri:0, instance:neOStoxTest.ValidateUserNameAndFundsusingProperty@437da279]" started-at="2022-12-06T14:34:11 IST" name="closingBrowser" finished-at="2022-12-06T14:34:13 IST" duration-ms="1525" status="PASS">
          <reporter-output>
            <line>
              <![CDATA[closing browser]]>
            </line>
          </reporter-output>
        </test-method> <!-- closingBrowser -->
      </class> <!-- neOStoxTest.ValidateUserNameAndFundsusingProperty -->
    </test> <!-- Default test -->
  </suite> <!-- Default suite -->
</testng-results>
